<?xml version="1.0" encoding="UTF-8"?>
<testng-results skipped="0" failed="0" ignored="0" total="1" passed="1">
  <reporter-output>
  </reporter-output>
  <suite name="Default suite" duration-ms="7149" started-at="2020-07-01T12:30:24Z" finished-at="2020-07-01T12:30:31Z">
    <groups>
    </groups>
    <test name="Default test" duration-ms="7149" started-at="2020-07-01T12:30:24Z" finished-at="2020-07-01T12:30:31Z">
      <class name="GoogleSearch">
        <test-method status="PASS" signature="GoogleSearch()[pri:0, instance:GoogleSearch@39aeed2f]" name="GoogleSearch" duration-ms="7125" started-at="2020-07-01T12:30:24Z" finished-at="2020-07-01T12:30:31Z">
          <reporter-output>
          </reporter-output>
        </test-method> <!-- GoogleSearch -->
      </class> <!-- GoogleSearch -->
    </test> <!-- Default test -->
  </suite> <!-- Default suite -->
</testng-results>
